The system is: Linux - 3.16.0-30-generic - x86_64
Compiling the C compiler identification source file "CMakeCCompilerId.c" succeeded.
Compiler: /usr/bin/cc 
Build flags: 
Id flags: 

The output was:
0


Compilation of the C compiler identification source "CMakeCCompilerId.c" produced "a.out"

The C compiler identification is GNU, found in "/home/loken/ClionProjects/rabbitmq_connect_pool/build/CMakeFiles/3.5.1/CompilerIdC/a.out"

Determining if the C compiler works passed with the following output:
Change Dir: /home/loken/ClionProjects/rabbitmq_connect_pool/build/CMakeFiles/CMakeTmp

Run Build Command:"/usr/bin/make" "cmTC_02e20/fast"
/usr/bin/make -f CMakeFiles/cmTC_02e20.dir/build.make CMakeFiles/cmTC_02e20.dir/build
make[1]: Entering directory `/home/loken/ClionProjects/rabbitmq_connect_pool/build/CMakeFiles/CMakeTmp'
Building C object CMakeFiles/cmTC_02e20.dir/testCCompiler.c.o
/usr/bin/cc     -o CMakeFiles/cmTC_02e20.dir/testCCompiler.c.o   -c /home/loken/ClionProjects/rabbitmq_connect_pool/build/CMakeFiles/CMakeTmp/testCCompiler.c
Linking C executable cmTC_02e20
/home/loken/Documents/clion-2016.1.1/bin/cmake/bin/cmake -E cmake_link_script CMakeFiles/cmTC_02e20.dir/link.txt --verbose=1
/usr/bin/cc       CMakeFiles/cmTC_02e20.dir/testCCompiler.c.o  -o cmTC_02e20 -rdynamic 
make[1]: Leaving directory `/home/loken/ClionProjects/rabbitmq_connect_pool/build/CMakeFiles/CMakeTmp'


Detecting C compiler ABI info compiled with the following output:
Change Dir: /home/loken/ClionProjects/rabbitmq_connect_pool/build/CMakeFiles/CMakeTmp

Run Build Command:"/usr/bin/make" "cmTC_8a798/fast"
/usr/bin/make -f CMakeFiles/cmTC_8a798.dir/build.make CMakeFiles/cmTC_8a798.dir/build
make[1]: Entering directory `/home/loken/ClionProjects/rabbitmq_connect_pool/build/CMakeFiles/CMakeTmp'
Building C object CMakeFiles/cmTC_8a798.dir/CMakeCCompilerABI.c.o
/usr/bin/cc     -o CMakeFiles/cmTC_8a798.dir/CMakeCCompilerABI.c.o   -c /home/loken/Documents/clion-2016.1.1/bin/cmake/share/cmake-3.5/Modules/CMakeCCompilerABI.c
Linking C executable cmTC_8a798
/home/loken/Documents/clion-2016.1.1/bin/cmake/bin/cmake -E cmake_link_script CMakeFiles/cmTC_8a798.dir/link.txt --verbose=1
/usr/bin/cc      -v CMakeFiles/cmTC_8a798.dir/CMakeCCompilerABI.c.o  -o cmTC_8a798 -rdynamic  
Using built-in specs.
COLLECT_GCC=/usr/bin/cc
COLLECT_LTO_WRAPPER=/usr/lib/gcc/x86_64-linux-gnu/4.8/lto-wrapper
Target: x86_64-linux-gnu
Configured with: ../src/configure -v --with-pkgversion='Ubuntu 4.8.4-2ubuntu1~14.04.3' --with-bugurl=file:///usr/share/doc/gcc-4.8/README.Bugs --enable-languages=c,c++,java,go,d,fortran,objc,obj-c++ --prefix=/usr --program-suffix=-4.8 --enable-shared --enable-linker-build-id --libexecdir=/usr/lib --without-included-gettext --enable-threads=posix --with-gxx-include-dir=/usr/include/c++/4.8 --libdir=/usr/lib --enable-nls --with-sysroot=/ --enable-clocale=gnu --enable-libstdcxx-debug --enable-libstdcxx-time=yes --enable-gnu-unique-object --disable-libmudflap --enable-plugin --with-system-zlib --disable-browser-plugin --enable-java-awt=gtk --enable-gtk-cairo --with-java-home=/usr/lib/jvm/java-1.5.0-gcj-4.8-amd64/jre --enable-java-home --with-jvm-root-dir=/usr/lib/jvm/java-1.5.0-gcj-4.8-amd64 --with-jvm-jar-dir=/usr/lib/jvm-exports/java-1.5.0-gcj-4.8-amd64 --with-arch-directory=amd64 --with-ecj-jar=/usr/share/java/eclipse-ecj.jar --enable-objc-gc --enable-multiarch --disable-werror --with-arch-32=i686 --with-abi=m64 --with-multilib-list=m32,m64,mx32 --with-tune=generic --enable-checking=release --build=x86_64-linux-gnu --host=x86_64-linux-gnu --target=x86_64-linux-gnu
Thread model: posix
gcc version 4.8.4 (Ubuntu 4.8.4-2ubuntu1~14.04.3) 
COMPILER_PATH=/usr/lib/gcc/x86_64-linux-gnu/4.8/:/usr/lib/gcc/x86_64-linux-gnu/4.8/:/usr/lib/gcc/x86_64-linux-gnu/:/usr/lib/gcc/x86_64-linux-gnu/4.8/:/usr/lib/gcc/x86_64-linux-gnu/
LIBRARY_PATH=/usr/lib/gcc/x86_64-linux-gnu/4.8/:/usr/lib/gcc/x86_64-linux-gnu/4.8/../../../x86_64-linux-gnu/:/usr/lib/gcc/x86_64-linux-gnu/4.8/../../../../lib/:/lib/x86_64-linux-gnu/:/lib/../lib/:/usr/lib/x86_64-linux-gnu/:/usr/lib/../lib/:/usr/lib/gcc/x86_64-linux-gnu/4.8/../../../:/lib/:/usr/lib/
COLLECT_GCC_OPTIONS='-v' '-o' 'cmTC_8a798' '-rdynamic' '-mtune=generic' '-march=x86-64'
 /usr/lib/gcc/x86_64-linux-gnu/4.8/collect2 --sysroot=/ --build-id --eh-frame-hdr -m elf_x86_64 --hash-style=gnu --as-needed -export-dynamic -dynamic-linker /lib64/ld-linux-x86-64.so.2 -z relro -o cmTC_8a798 /usr/lib/gcc/x86_64-linux-gnu/4.8/../../../x86_64-linux-gnu/crt1.o /usr/lib/gcc/x86_64-linux-gnu/4.8/../../../x86_64-linux-gnu/crti.o /usr/lib/gcc/x86_64-linux-gnu/4.8/crtbegin.o -L/usr/lib/gcc/x86_64-linux-gnu/4.8 -L/usr/lib/gcc/x86_64-linux-gnu/4.8/../../../x86_64-linux-gnu -L/usr/lib/gcc/x86_64-linux-gnu/4.8/../../../../lib -L/lib/x86_64-linux-gnu -L/lib/../lib -L/usr/lib/x86_64-linux-gnu -L/usr/lib/../lib -L/usr/lib/gcc/x86_64-linux-gnu/4.8/../../.. CMakeFiles/cmTC_8a798.dir/CMakeCCompilerABI.c.o -lgcc --as-needed -lgcc_s --no-as-needed -lc -lgcc --as-needed -lgcc_s --no-as-needed /usr/lib/gcc/x86_64-linux-gnu/4.8/crtend.o /usr/lib/gcc/x86_64-linux-gnu/4.8/../../../x86_64-linux-gnu/crtn.o
make[1]: Leaving directory `/home/loken/ClionProjects/rabbitmq_connect_pool/build/CMakeFiles/CMakeTmp'


Parsed C implicit link information from above output:
  link line regex: [^( *|.*[/\])(ld|([^/\]+-)?ld|collect2)[^/\]*( |$)]
  ignore line: [Change Dir: /home/loken/ClionProjects/rabbitmq_connect_pool/build/CMakeFiles/CMakeTmp]
  ignore line: []
  ignore line: [Run Build Command:"/usr/bin/make" "cmTC_8a798/fast"]
  ignore line: [/usr/bin/make -f CMakeFiles/cmTC_8a798.dir/build.make CMakeFiles/cmTC_8a798.dir/build]
  ignore line: [make[1]: Entering directory `/home/loken/ClionProjects/rabbitmq_connect_pool/build/CMakeFiles/CMakeTmp']
  ignore line: [Building C object CMakeFiles/cmTC_8a798.dir/CMakeCCompilerABI.c.o]
  ignore line: [/usr/bin/cc     -o CMakeFiles/cmTC_8a798.dir/CMakeCCompilerABI.c.o   -c /home/loken/Documents/clion-2016.1.1/bin/cmake/share/cmake-3.5/Modules/CMakeCCompilerABI.c]
  ignore line: [Linking C executable cmTC_8a798]
  ignore line: [/home/loken/Documents/clion-2016.1.1/bin/cmake/bin/cmake -E cmake_link_script CMakeFiles/cmTC_8a798.dir/link.txt --verbose=1]
  ignore line: [/usr/bin/cc      -v CMakeFiles/cmTC_8a798.dir/CMakeCCompilerABI.c.o  -o cmTC_8a798 -rdynamic  ]
  ignore line: [Using built-in specs.]
  ignore line: [COLLECT_GCC=/usr/bin/cc]
  ignore line: [COLLECT_LTO_WRAPPER=/usr/lib/gcc/x86_64-linux-gnu/4.8/lto-wrapper]
  ignore line: [Target: x86_64-linux-gnu]
  ignore line: [Configured with: ../src/configure -v --with-pkgversion='Ubuntu 4.8.4-2ubuntu1~14.04.3' --with-bugurl=file:///usr/share/doc/gcc-4.8/README.Bugs --enable-languages=c,c++,java,go,d,fortran,objc,obj-c++ --prefix=/usr --program-suffix=-4.8 --enable-shared --enable-linker-build-id --libexecdir=/usr/lib --without-included-gettext --enable-threads=posix --with-gxx-include-dir=/usr/include/c++/4.8 --libdir=/usr/lib --enable-nls --with-sysroot=/ --enable-clocale=gnu --enable-libstdcxx-debug --enable-libstdcxx-time=yes --enable-gnu-unique-object --disable-libmudflap --enable-plugin --with-system-zlib --disable-browser-plugin --enable-java-awt=gtk --enable-gtk-cairo --with-java-home=/usr/lib/jvm/java-1.5.0-gcj-4.8-amd64/jre --enable-java-home --with-jvm-root-dir=/usr/lib/jvm/java-1.5.0-gcj-4.8-amd64 --with-jvm-jar-dir=/usr/lib/jvm-exports/java-1.5.0-gcj-4.8-amd64 --with-arch-directory=amd64 --with-ecj-jar=/usr/share/java/eclipse-ecj.jar --enable-objc-gc --enable-multiarch --disable-werror --with-arch-32=i686 --with-abi=m64 --with-multilib-list=m32,m64,mx32 --with-tune=generic --enable-checking=release --build=x86_64-linux-gnu --host=x86_64-linux-gnu --target=x86_64-linux-gnu]
  ignore line: [Thread model: posix]
  ignore line: [gcc version 4.8.4 (Ubuntu 4.8.4-2ubuntu1~14.04.3) ]
  ignore line: [COMPILER_PATH=/usr/lib/gcc/x86_64-linux-gnu/4.8/:/usr/lib/gcc/x86_64-linux-gnu/4.8/:/usr/lib/gcc/x86_64-linux-gnu/:/usr/lib/gcc/x86_64-linux-gnu/4.8/:/usr/lib/gcc/x86_64-linux-gnu/]
  ignore line: [LIBRARY_PATH=/usr/lib/gcc/x86_64-linux-gnu/4.8/:/usr/lib/gcc/x86_64-linux-gnu/4.8/../../../x86_64-linux-gnu/:/usr/lib/gcc/x86_64-linux-gnu/4.8/../../../../lib/:/lib/x86_64-linux-gnu/:/lib/../lib/:/usr/lib/x86_64-linux-gnu/:/usr/lib/../lib/:/usr/lib/gcc/x86_64-linux-gnu/4.8/../../../:/lib/:/usr/lib/]
  ignore line: [COLLECT_GCC_OPTIONS='-v' '-o' 'cmTC_8a798' '-rdynamic' '-mtune=generic' '-march=x86-64']
  link line: [ /usr/lib/gcc/x86_64-linux-gnu/4.8/collect2 --sysroot=/ --build-id --eh-frame-hdr -m elf_x86_64 --hash-style=gnu --as-needed -export-dynamic -dynamic-linker /lib64/ld-linux-x86-64.so.2 -z relro -o cmTC_8a798 /usr/lib/gcc/x86_64-linux-gnu/4.8/../../../x86_64-linux-gnu/crt1.o /usr/lib/gcc/x86_64-linux-gnu/4.8/../../../x86_64-linux-gnu/crti.o /usr/lib/gcc/x86_64-linux-gnu/4.8/crtbegin.o -L/usr/lib/gcc/x86_64-linux-gnu/4.8 -L/usr/lib/gcc/x86_64-linux-gnu/4.8/../../../x86_64-linux-gnu -L/usr/lib/gcc/x86_64-linux-gnu/4.8/../../../../lib -L/lib/x86_64-linux-gnu -L/lib/../lib -L/usr/lib/x86_64-linux-gnu -L/usr/lib/../lib -L/usr/lib/gcc/x86_64-linux-gnu/4.8/../../.. CMakeFiles/cmTC_8a798.dir/CMakeCCompilerABI.c.o -lgcc --as-needed -lgcc_s --no-as-needed -lc -lgcc --as-needed -lgcc_s --no-as-needed /usr/lib/gcc/x86_64-linux-gnu/4.8/crtend.o /usr/lib/gcc/x86_64-linux-gnu/4.8/../../../x86_64-linux-gnu/crtn.o]
    arg [/usr/lib/gcc/x86_64-linux-gnu/4.8/collect2] ==> ignore
    arg [--sysroot=/] ==> ignore
    arg [--build-id] ==> ignore
    arg [--eh-frame-hdr] ==> ignore
    arg [-m] ==> ignore
    arg [elf_x86_64] ==> ignore
    arg [--hash-style=gnu] ==> ignore
    arg [--as-needed] ==> ignore
    arg [-export-dynamic] ==> ignore
    arg [-dynamic-linker] ==> ignore
    arg [/lib64/ld-linux-x86-64.so.2] ==> ignore
    arg [-zrelro] ==> ignore
    arg [-o] ==> ignore
    arg [cmTC_8a798] ==> ignore
    arg [/usr/lib/gcc/x86_64-linux-gnu/4.8/../../../x86_64-linux-gnu/crt1.o] ==> ignore
    arg [/usr/lib/gcc/x86_64-linux-gnu/4.8/../../../x86_64-linux-gnu/crti.o] ==> ignore
    arg [/usr/lib/gcc/x86_64-linux-gnu/4.8/crtbegin.o] ==> ignore
    arg [-L/usr/lib/gcc/x86_64-linux-gnu/4.8] ==> dir [/usr/lib/gcc/x86_64-linux-gnu/4.8]
    arg [-L/usr/lib/gcc/x86_64-linux-gnu/4.8/../../../x86_64-linux-gnu] ==> dir [/usr/lib/gcc/x86_64-linux-gnu/4.8/../../../x86_64-linux-gnu]
    arg [-L/usr/lib/gcc/x86_64-linux-gnu/4.8/../../../../lib] ==> dir [/usr/lib/gcc/x86_64-linux-gnu/4.8/../../../../lib]
    arg [-L/lib/x86_64-linux-gnu] ==> dir [/lib/x86_64-linux-gnu]
    arg [-L/lib/../lib] ==> dir [/lib/../lib]
    arg [-L/usr/lib/x86_64-linux-gnu] ==> dir [/usr/lib/x86_64-linux-gnu]
    arg [-L/usr/lib/../lib] ==> dir [/usr/lib/../lib]
    arg [-L/usr/lib/gcc/x86_64-linux-gnu/4.8/../../..] ==> dir [/usr/lib/gcc/x86_64-linux-gnu/4.8/../../..]
    arg [CMakeFiles/cmTC_8a798.dir/CMakeCCompilerABI.c.o] ==> ignore
    arg [-lgcc] ==> lib [gcc]
    arg [--as-needed] ==> ignore
    arg [-lgcc_s] ==> lib [gcc_s]
    arg [--no-as-needed] ==> ignore
    arg [-lc] ==> lib [c]
    arg [-lgcc] ==> lib [gcc]
    arg [--as-needed] ==> ignore
    arg [-lgcc_s] ==> lib [gcc_s]
    arg [--no-as-needed] ==> ignore
    arg [/usr/lib/gcc/x86_64-linux-gnu/4.8/crtend.o] ==> ignore
    arg [/usr/lib/gcc/x86_64-linux-gnu/4.8/../../../x86_64-linux-gnu/crtn.o] ==> ignore
  remove lib [gcc]
  remove lib [gcc_s]
  remove lib [gcc]
  remove lib [gcc_s]
  collapse library dir [/usr/lib/gcc/x86_64-linux-gnu/4.8] ==> [/usr/lib/gcc/x86_64-linux-gnu/4.8]
  collapse library dir [/usr/lib/gcc/x86_64-linux-gnu/4.8/../../../x86_64-linux-gnu] ==> [/usr/lib/x86_64-linux-gnu]
  collapse library dir [/usr/lib/gcc/x86_64-linux-gnu/4.8/../../../../lib] ==> [/usr/lib]
  collapse library dir [/lib/x86_64-linux-gnu] ==> [/lib/x86_64-linux-gnu]
  collapse library dir [/lib/../lib] ==> [/lib]
  collapse library dir [/usr/lib/x86_64-linux-gnu] ==> [/usr/lib/x86_64-linux-gnu]
  collapse library dir [/usr/lib/../lib] ==> [/usr/lib]
  collapse library dir [/usr/lib/gcc/x86_64-linux-gnu/4.8/../../..] ==> [/usr/lib]
  implicit libs: [c]
  implicit dirs: [/usr/lib/gcc/x86_64-linux-gnu/4.8;/usr/lib/x86_64-linux-gnu;/usr/lib;/lib/x86_64-linux-gnu;/lib]
  implicit fwks: []




Detecting C [-std=c11] compiler features compiled with the following output:
Change Dir: /home/loken/ClionProjects/rabbitmq_connect_pool/build/CMakeFiles/CMakeTmp

Run Build Command:"/usr/bin/make" "cmTC_3ded5/fast"
/usr/bin/make -f CMakeFiles/cmTC_3ded5.dir/build.make CMakeFiles/cmTC_3ded5.dir/build
make[1]: Entering directory `/home/loken/ClionProjects/rabbitmq_connect_pool/build/CMakeFiles/CMakeTmp'
Building C object CMakeFiles/cmTC_3ded5.dir/feature_tests.c.o
/usr/bin/cc    -std=c11 -o CMakeFiles/cmTC_3ded5.dir/feature_tests.c.o   -c /home/loken/ClionProjects/rabbitmq_connect_pool/build/CMakeFiles/feature_tests.c
Linking C executable cmTC_3ded5
/home/loken/Documents/clion-2016.1.1/bin/cmake/bin/cmake -E cmake_link_script CMakeFiles/cmTC_3ded5.dir/link.txt --verbose=1
/usr/bin/cc       CMakeFiles/cmTC_3ded5.dir/feature_tests.c.o  -o cmTC_3ded5 -rdynamic 
make[1]: Leaving directory `/home/loken/ClionProjects/rabbitmq_connect_pool/build/CMakeFiles/CMakeTmp'


    Feature record: C_FEATURE:1c_function_prototypes
    Feature record: C_FEATURE:1c_restrict
    Feature record: C_FEATURE:1c_static_assert
    Feature record: C_FEATURE:1c_variadic_macros


Detecting C [-std=c99] compiler features compiled with the following output:
Change Dir: /home/loken/ClionProjects/rabbitmq_connect_pool/build/CMakeFiles/CMakeTmp

Run Build Command:"/usr/bin/make" "cmTC_6ed35/fast"
/usr/bin/make -f CMakeFiles/cmTC_6ed35.dir/build.make CMakeFiles/cmTC_6ed35.dir/build
make[1]: Entering directory `/home/loken/ClionProjects/rabbitmq_connect_pool/build/CMakeFiles/CMakeTmp'
Building C object CMakeFiles/cmTC_6ed35.dir/feature_tests.c.o
/usr/bin/cc    -std=c99 -o CMakeFiles/cmTC_6ed35.dir/feature_tests.c.o   -c /home/loken/ClionProjects/rabbitmq_connect_pool/build/CMakeFiles/feature_tests.c
Linking C executable cmTC_6ed35
/home/loken/Documents/clion-2016.1.1/bin/cmake/bin/cmake -E cmake_link_script CMakeFiles/cmTC_6ed35.dir/link.txt --verbose=1
/usr/bin/cc       CMakeFiles/cmTC_6ed35.dir/feature_tests.c.o  -o cmTC_6ed35 -rdynamic 
make[1]: Leaving directory `/home/loken/ClionProjects/rabbitmq_connect_pool/build/CMakeFiles/CMakeTmp'


    Feature record: C_FEATURE:1c_function_prototypes
    Feature record: C_FEATURE:1c_restrict
    Feature record: C_FEATURE:0c_static_assert
    Feature record: C_FEATURE:1c_variadic_macros


Detecting C [-std=c90] compiler features compiled with the following output:
Change Dir: /home/loken/ClionProjects/rabbitmq_connect_pool/build/CMakeFiles/CMakeTmp

Run Build Command:"/usr/bin/make" "cmTC_3cc0b/fast"
/usr/bin/make -f CMakeFiles/cmTC_3cc0b.dir/build.make CMakeFiles/cmTC_3cc0b.dir/build
make[1]: Entering directory `/home/loken/ClionProjects/rabbitmq_connect_pool/build/CMakeFiles/CMakeTmp'
Building C object CMakeFiles/cmTC_3cc0b.dir/feature_tests.c.o
/usr/bin/cc    -std=c90 -o CMakeFiles/cmTC_3cc0b.dir/feature_tests.c.o   -c /home/loken/ClionProjects/rabbitmq_connect_pool/build/CMakeFiles/feature_tests.c
Linking C executable cmTC_3cc0b
/home/loken/Documents/clion-2016.1.1/bin/cmake/bin/cmake -E cmake_link_script CMakeFiles/cmTC_3cc0b.dir/link.txt --verbose=1
/usr/bin/cc       CMakeFiles/cmTC_3cc0b.dir/feature_tests.c.o  -o cmTC_3cc0b -rdynamic 
make[1]: Leaving directory `/home/loken/ClionProjects/rabbitmq_connect_pool/build/CMakeFiles/CMakeTmp'


    Feature record: C_FEATURE:1c_function_prototypes
    Feature record: C_FEATURE:0c_restrict
    Feature record: C_FEATURE:0c_static_assert
    Feature record: C_FEATURE:0c_variadic_macros
Determining if the getaddrinfo exist passed with the following output:
Change Dir: /home/loken/ClionProjects/rabbitmq_connect_pool/build/CMakeFiles/CMakeTmp

Run Build Command:"/usr/bin/make" "cmTC_59e2e/fast"
/usr/bin/make -f CMakeFiles/cmTC_59e2e.dir/build.make CMakeFiles/cmTC_59e2e.dir/build
make[1]: Entering directory `/home/loken/ClionProjects/rabbitmq_connect_pool/build/CMakeFiles/CMakeTmp'
Building C object CMakeFiles/cmTC_59e2e.dir/CheckSymbolExists.c.o
/usr/bin/cc     -o CMakeFiles/cmTC_59e2e.dir/CheckSymbolExists.c.o   -c /home/loken/ClionProjects/rabbitmq_connect_pool/build/CMakeFiles/CMakeTmp/CheckSymbolExists.c
Linking C executable cmTC_59e2e
/home/loken/Documents/clion-2016.1.1/bin/cmake/bin/cmake -E cmake_link_script CMakeFiles/cmTC_59e2e.dir/link.txt --verbose=1
/usr/bin/cc       CMakeFiles/cmTC_59e2e.dir/CheckSymbolExists.c.o  -o cmTC_59e2e -rdynamic 
make[1]: Leaving directory `/home/loken/ClionProjects/rabbitmq_connect_pool/build/CMakeFiles/CMakeTmp'

File /home/loken/ClionProjects/rabbitmq_connect_pool/build/CMakeFiles/CMakeTmp/CheckSymbolExists.c:
/* */
#include <sys/types.h>
#include <sys/socket.h>
#include <netdb.h>

int main(int argc, char** argv)
{
  (void)argv;
#ifndef getaddrinfo
  return ((int*)(&getaddrinfo))[argc];
#else
  (void)argc;
  return 0;
#endif
}

Determining if the socket exist passed with the following output:
Change Dir: /home/loken/ClionProjects/rabbitmq_connect_pool/build/CMakeFiles/CMakeTmp

Run Build Command:"/usr/bin/make" "cmTC_c797a/fast"
/usr/bin/make -f CMakeFiles/cmTC_c797a.dir/build.make CMakeFiles/cmTC_c797a.dir/build
make[1]: Entering directory `/home/loken/ClionProjects/rabbitmq_connect_pool/build/CMakeFiles/CMakeTmp'
Building C object CMakeFiles/cmTC_c797a.dir/CheckSymbolExists.c.o
/usr/bin/cc     -o CMakeFiles/cmTC_c797a.dir/CheckSymbolExists.c.o   -c /home/loken/ClionProjects/rabbitmq_connect_pool/build/CMakeFiles/CMakeTmp/CheckSymbolExists.c
Linking C executable cmTC_c797a
/home/loken/Documents/clion-2016.1.1/bin/cmake/bin/cmake -E cmake_link_script CMakeFiles/cmTC_c797a.dir/link.txt --verbose=1
/usr/bin/cc       CMakeFiles/cmTC_c797a.dir/CheckSymbolExists.c.o  -o cmTC_c797a -rdynamic 
make[1]: Leaving directory `/home/loken/ClionProjects/rabbitmq_connect_pool/build/CMakeFiles/CMakeTmp'

File /home/loken/ClionProjects/rabbitmq_connect_pool/build/CMakeFiles/CMakeTmp/CheckSymbolExists.c:
/* */
#include <sys/types.h>
#include <sys/socket.h>

int main(int argc, char** argv)
{
  (void)argv;
#ifndef socket
  return ((int*)(&socket))[argc];
#else
  (void)argc;
  return 0;
#endif
}

Determining if the poll exist passed with the following output:
Change Dir: /home/loken/ClionProjects/rabbitmq_connect_pool/build/CMakeFiles/CMakeTmp

Run Build Command:"/usr/bin/make" "cmTC_83405/fast"
/usr/bin/make -f CMakeFiles/cmTC_83405.dir/build.make CMakeFiles/cmTC_83405.dir/build
make[1]: Entering directory `/home/loken/ClionProjects/rabbitmq_connect_pool/build/CMakeFiles/CMakeTmp'
Building C object CMakeFiles/cmTC_83405.dir/CheckSymbolExists.c.o
/usr/bin/cc     -o CMakeFiles/cmTC_83405.dir/CheckSymbolExists.c.o   -c /home/loken/ClionProjects/rabbitmq_connect_pool/build/CMakeFiles/CMakeTmp/CheckSymbolExists.c
Linking C executable cmTC_83405
/home/loken/Documents/clion-2016.1.1/bin/cmake/bin/cmake -E cmake_link_script CMakeFiles/cmTC_83405.dir/link.txt --verbose=1
/usr/bin/cc       CMakeFiles/cmTC_83405.dir/CheckSymbolExists.c.o  -o cmTC_83405 -rdynamic 
make[1]: Leaving directory `/home/loken/ClionProjects/rabbitmq_connect_pool/build/CMakeFiles/CMakeTmp'

File /home/loken/ClionProjects/rabbitmq_connect_pool/build/CMakeFiles/CMakeTmp/CheckSymbolExists.c:
/* */
#include <poll.h>

int main(int argc, char** argv)
{
  (void)argv;
#ifndef poll
  return ((int*)(&poll))[argc];
#else
  (void)argc;
  return 0;
#endif
}

Determining if the function clock_gettime exists in the rt passed with the following output:
Change Dir: /home/loken/ClionProjects/rabbitmq_connect_pool/build/CMakeFiles/CMakeTmp

Run Build Command:"/usr/bin/make" "cmTC_cbba6/fast"
/usr/bin/make -f CMakeFiles/cmTC_cbba6.dir/build.make CMakeFiles/cmTC_cbba6.dir/build
make[1]: Entering directory `/home/loken/ClionProjects/rabbitmq_connect_pool/build/CMakeFiles/CMakeTmp'
Building C object CMakeFiles/cmTC_cbba6.dir/CheckFunctionExists.c.o
/usr/bin/cc    -DCHECK_FUNCTION_EXISTS=clock_gettime   -o CMakeFiles/cmTC_cbba6.dir/CheckFunctionExists.c.o   -c /home/loken/Documents/clion-2016.1.1/bin/cmake/share/cmake-3.5/Modules/CheckFunctionExists.c
Linking C executable cmTC_cbba6
/home/loken/Documents/clion-2016.1.1/bin/cmake/bin/cmake -E cmake_link_script CMakeFiles/cmTC_cbba6.dir/link.txt --verbose=1
/usr/bin/cc   -DCHECK_FUNCTION_EXISTS=clock_gettime    CMakeFiles/cmTC_cbba6.dir/CheckFunctionExists.c.o  -o cmTC_cbba6  -L/home/loken/ClionProjects/rabbitmq_connect_pool/build/CMakeFiles/CMakeTmp/time.h -rdynamic -lrt -Wl,-rpath,/home/loken/ClionProjects/rabbitmq_connect_pool/build/CMakeFiles/CMakeTmp/time.h 
make[1]: Leaving directory `/home/loken/ClionProjects/rabbitmq_connect_pool/build/CMakeFiles/CMakeTmp'


Determining if the function posix_spawnp exists in the rt passed with the following output:
Change Dir: /home/loken/ClionProjects/rabbitmq_connect_pool/build/CMakeFiles/CMakeTmp

Run Build Command:"/usr/bin/make" "cmTC_65eab/fast"
/usr/bin/make -f CMakeFiles/cmTC_65eab.dir/build.make CMakeFiles/cmTC_65eab.dir/build
make[1]: Entering directory `/home/loken/ClionProjects/rabbitmq_connect_pool/build/CMakeFiles/CMakeTmp'
Building C object CMakeFiles/cmTC_65eab.dir/CheckFunctionExists.c.o
/usr/bin/cc    -DCHECK_FUNCTION_EXISTS=posix_spawnp   -o CMakeFiles/cmTC_65eab.dir/CheckFunctionExists.c.o   -c /home/loken/Documents/clion-2016.1.1/bin/cmake/share/cmake-3.5/Modules/CheckFunctionExists.c
Linking C executable cmTC_65eab
/home/loken/Documents/clion-2016.1.1/bin/cmake/bin/cmake -E cmake_link_script CMakeFiles/cmTC_65eab.dir/link.txt --verbose=1
/usr/bin/cc   -DCHECK_FUNCTION_EXISTS=posix_spawnp    CMakeFiles/cmTC_65eab.dir/CheckFunctionExists.c.o  -o cmTC_65eab  -L/home/loken/ClionProjects/rabbitmq_connect_pool/build/CMakeFiles/CMakeTmp/spawn.h -rdynamic -lrt -Wl,-rpath,/home/loken/ClionProjects/rabbitmq_connect_pool/build/CMakeFiles/CMakeTmp/spawn.h 
make[1]: Leaving directory `/home/loken/ClionProjects/rabbitmq_connect_pool/build/CMakeFiles/CMakeTmp'


Determining if the include file pthread.h exists passed with the following output:
Change Dir: /home/loken/ClionProjects/rabbitmq_connect_pool/build/CMakeFiles/CMakeTmp

Run Build Command:"/usr/bin/make" "cmTC_44581/fast"
/usr/bin/make -f CMakeFiles/cmTC_44581.dir/build.make CMakeFiles/cmTC_44581.dir/build
make[1]: Entering directory `/home/loken/ClionProjects/rabbitmq_connect_pool/build/CMakeFiles/CMakeTmp'
Building C object CMakeFiles/cmTC_44581.dir/CheckIncludeFile.c.o
/usr/bin/cc     -o CMakeFiles/cmTC_44581.dir/CheckIncludeFile.c.o   -c /home/loken/ClionProjects/rabbitmq_connect_pool/build/CMakeFiles/CMakeTmp/CheckIncludeFile.c
Linking C executable cmTC_44581
/home/loken/Documents/clion-2016.1.1/bin/cmake/bin/cmake -E cmake_link_script CMakeFiles/cmTC_44581.dir/link.txt --verbose=1
/usr/bin/cc       CMakeFiles/cmTC_44581.dir/CheckIncludeFile.c.o  -o cmTC_44581 -rdynamic 
make[1]: Leaving directory `/home/loken/ClionProjects/rabbitmq_connect_pool/build/CMakeFiles/CMakeTmp'


Performing C SOURCE FILE Test HAVE_GNU90 succeeded with the following output:
Change Dir: /home/loken/ClionProjects/rabbitmq_connect_pool/build/CMakeFiles/CMakeTmp

Run Build Command:"/usr/bin/make" "cmTC_804a3/fast"
/usr/bin/make -f CMakeFiles/cmTC_804a3.dir/build.make CMakeFiles/cmTC_804a3.dir/build
make[1]: Entering directory `/home/loken/ClionProjects/rabbitmq_connect_pool/build/CMakeFiles/CMakeTmp'
Building C object CMakeFiles/cmTC_804a3.dir/src.c.o
/usr/bin/cc    -Wall -Wextra -Wstrict-prototypes -Wno-unused-function -fno-common -fvisibility=hidden  -DHAVE_GNU90   -std=gnu90 -o CMakeFiles/cmTC_804a3.dir/src.c.o   -c /home/loken/ClionProjects/rabbitmq_connect_pool/build/CMakeFiles/CMakeTmp/src.c
Linking C executable cmTC_804a3
/home/loken/Documents/clion-2016.1.1/bin/cmake/bin/cmake -E cmake_link_script CMakeFiles/cmTC_804a3.dir/link.txt --verbose=1
/usr/bin/cc  -Wall -Wextra -Wstrict-prototypes -Wno-unused-function -fno-common -fvisibility=hidden  -DHAVE_GNU90    CMakeFiles/cmTC_804a3.dir/src.c.o  -o cmTC_804a3 -rdynamic 
make[1]: Leaving directory `/home/loken/ClionProjects/rabbitmq_connect_pool/build/CMakeFiles/CMakeTmp'

Source file was:
int main(void) { return 0; }
The system is: Linux - 3.16.0-30-generic - x86_64
Compiling the C compiler identification source file "CMakeCCompilerId.c" succeeded.
Compiler: /usr/bin/cc 
Build flags: 
Id flags: 

The output was:
0


Compilation of the C compiler identification source "CMakeCCompilerId.c" produced "a.out"

The C compiler identification is GNU, found in "/home/loken/ClionProjects/rabbitmq_connect_pool/build/CMakeFiles/2.8.12.2/CompilerIdC/a.out"

Determining if the C compiler works passed with the following output:
Change Dir: /home/loken/ClionProjects/rabbitmq_connect_pool/build/CMakeFiles/CMakeTmp

Run Build Command:/usr/bin/make "cmTryCompileExec2692858087/fast"
/usr/bin/make -f CMakeFiles/cmTryCompileExec2692858087.dir/build.make CMakeFiles/cmTryCompileExec2692858087.dir/build
make[1]: Entering directory `/home/loken/ClionProjects/rabbitmq_connect_pool/build/CMakeFiles/CMakeTmp'
/usr/bin/cmake -E cmake_progress_report /home/loken/ClionProjects/rabbitmq_connect_pool/build/CMakeFiles/CMakeTmp/CMakeFiles 1
Building C object CMakeFiles/cmTryCompileExec2692858087.dir/testCCompiler.c.o
/usr/bin/cc    -o CMakeFiles/cmTryCompileExec2692858087.dir/testCCompiler.c.o   -c /home/loken/ClionProjects/rabbitmq_connect_pool/build/CMakeFiles/CMakeTmp/testCCompiler.c
Linking C executable cmTryCompileExec2692858087
/usr/bin/cmake -E cmake_link_script CMakeFiles/cmTryCompileExec2692858087.dir/link.txt --verbose=1
/usr/bin/cc       CMakeFiles/cmTryCompileExec2692858087.dir/testCCompiler.c.o  -o cmTryCompileExec2692858087 -rdynamic 
make[1]: Leaving directory `/home/loken/ClionProjects/rabbitmq_connect_pool/build/CMakeFiles/CMakeTmp'


Detecting C compiler ABI info compiled with the following output:
Change Dir: /home/loken/ClionProjects/rabbitmq_connect_pool/build/CMakeFiles/CMakeTmp

Run Build Command:/usr/bin/make "cmTryCompileExec1322745143/fast"
/usr/bin/make -f CMakeFiles/cmTryCompileExec1322745143.dir/build.make CMakeFiles/cmTryCompileExec1322745143.dir/build
make[1]: Entering directory `/home/loken/ClionProjects/rabbitmq_connect_pool/build/CMakeFiles/CMakeTmp'
/usr/bin/cmake -E cmake_progress_report /home/loken/ClionProjects/rabbitmq_connect_pool/build/CMakeFiles/CMakeTmp/CMakeFiles 1
Building C object CMakeFiles/cmTryCompileExec1322745143.dir/CMakeCCompilerABI.c.o
/usr/bin/cc    -o CMakeFiles/cmTryCompileExec1322745143.dir/CMakeCCompilerABI.c.o   -c /usr/share/cmake-2.8/Modules/CMakeCCompilerABI.c
Linking C executable cmTryCompileExec1322745143
/usr/bin/cmake -E cmake_link_script CMakeFiles/cmTryCompileExec1322745143.dir/link.txt --verbose=1
/usr/bin/cc     -v CMakeFiles/cmTryCompileExec1322745143.dir/CMakeCCompilerABI.c.o  -o cmTryCompileExec1322745143 -rdynamic  
Using built-in specs.
COLLECT_GCC=/usr/bin/cc
COLLECT_LTO_WRAPPER=/usr/lib/gcc/x86_64-linux-gnu/4.8/lto-wrapper
Target: x86_64-linux-gnu
Configured with: ../src/configure -v --with-pkgversion='Ubuntu 4.8.4-2ubuntu1~14.04.3' --with-bugurl=file:///usr/share/doc/gcc-4.8/README.Bugs --enable-languages=c,c++,java,go,d,fortran,objc,obj-c++ --prefix=/usr --program-suffix=-4.8 --enable-shared --enable-linker-build-id --libexecdir=/usr/lib --without-included-gettext --enable-threads=posix --with-gxx-include-dir=/usr/include/c++/4.8 --libdir=/usr/lib --enable-nls --with-sysroot=/ --enable-clocale=gnu --enable-libstdcxx-debug --enable-libstdcxx-time=yes --enable-gnu-unique-object --disable-libmudflap --enable-plugin --with-system-zlib --disable-browser-plugin --enable-java-awt=gtk --enable-gtk-cairo --with-java-home=/usr/lib/jvm/java-1.5.0-gcj-4.8-amd64/jre --enable-java-home --with-jvm-root-dir=/usr/lib/jvm/java-1.5.0-gcj-4.8-amd64 --with-jvm-jar-dir=/usr/lib/jvm-exports/java-1.5.0-gcj-4.8-amd64 --with-arch-directory=amd64 --with-ecj-jar=/usr/share/java/eclipse-ecj.jar --enable-objc-gc --enable-multiarch --disable-werror --with-arch-32=i686 --with-abi=m64 --with-multilib-list=m32,m64,mx32 --with-tune=generic --enable-checking=release --build=x86_64-linux-gnu --host=x86_64-linux-gnu --target=x86_64-linux-gnu
Thread model: posix
gcc version 4.8.4 (Ubuntu 4.8.4-2ubuntu1~14.04.3) 
COMPILER_PATH=/usr/lib/gcc/x86_64-linux-gnu/4.8/:/usr/lib/gcc/x86_64-linux-gnu/4.8/:/usr/lib/gcc/x86_64-linux-gnu/:/usr/lib/gcc/x86_64-linux-gnu/4.8/:/usr/lib/gcc/x86_64-linux-gnu/
LIBRARY_PATH=/usr/lib/gcc/x86_64-linux-gnu/4.8/:/usr/lib/gcc/x86_64-linux-gnu/4.8/../../../x86_64-linux-gnu/:/usr/lib/gcc/x86_64-linux-gnu/4.8/../../../../lib/:/lib/x86_64-linux-gnu/:/lib/../lib/:/usr/lib/x86_64-linux-gnu/:/usr/lib/../lib/:/usr/lib/gcc/x86_64-linux-gnu/4.8/../../../:/lib/:/usr/lib/
COLLECT_GCC_OPTIONS='-v' '-o' 'cmTryCompileExec1322745143' '-rdynamic' '-mtune=generic' '-march=x86-64'
 /usr/lib/gcc/x86_64-linux-gnu/4.8/collect2 --sysroot=/ --build-id --eh-frame-hdr -m elf_x86_64 --hash-style=gnu --as-needed -export-dynamic -dynamic-linker /lib64/ld-linux-x86-64.so.2 -z relro -o cmTryCompileExec1322745143 /usr/lib/gcc/x86_64-linux-gnu/4.8/../../../x86_64-linux-gnu/crt1.o /usr/lib/gcc/x86_64-linux-gnu/4.8/../../../x86_64-linux-gnu/crti.o /usr/lib/gcc/x86_64-linux-gnu/4.8/crtbegin.o -L/usr/lib/gcc/x86_64-linux-gnu/4.8 -L/usr/lib/gcc/x86_64-linux-gnu/4.8/../../../x86_64-linux-gnu -L/usr/lib/gcc/x86_64-linux-gnu/4.8/../../../../lib -L/lib/x86_64-linux-gnu -L/lib/../lib -L/usr/lib/x86_64-linux-gnu -L/usr/lib/../lib -L/usr/lib/gcc/x86_64-linux-gnu/4.8/../../.. CMakeFiles/cmTryCompileExec1322745143.dir/CMakeCCompilerABI.c.o -lgcc --as-needed -lgcc_s --no-as-needed -lc -lgcc --as-needed -lgcc_s --no-as-needed /usr/lib/gcc/x86_64-linux-gnu/4.8/crtend.o /usr/lib/gcc/x86_64-linux-gnu/4.8/../../../x86_64-linux-gnu/crtn.o
make[1]: Leaving directory `/home/loken/ClionProjects/rabbitmq_connect_pool/build/CMakeFiles/CMakeTmp'


Parsed C implicit link information from above output:
  link line regex: [^( *|.*[/\])(ld|([^/\]+-)?ld|collect2)[^/\]*( |$)]
  ignore line: [Change Dir: /home/loken/ClionProjects/rabbitmq_connect_pool/build/CMakeFiles/CMakeTmp]
  ignore line: []
  ignore line: [Run Build Command:/usr/bin/make "cmTryCompileExec1322745143/fast"]
  ignore line: [/usr/bin/make -f CMakeFiles/cmTryCompileExec1322745143.dir/build.make CMakeFiles/cmTryCompileExec1322745143.dir/build]
  ignore line: [make[1]: Entering directory `/home/loken/ClionProjects/rabbitmq_connect_pool/build/CMakeFiles/CMakeTmp']
  ignore line: [/usr/bin/cmake -E cmake_progress_report /home/loken/ClionProjects/rabbitmq_connect_pool/build/CMakeFiles/CMakeTmp/CMakeFiles 1]
  ignore line: [Building C object CMakeFiles/cmTryCompileExec1322745143.dir/CMakeCCompilerABI.c.o]
  ignore line: [/usr/bin/cc    -o CMakeFiles/cmTryCompileExec1322745143.dir/CMakeCCompilerABI.c.o   -c /usr/share/cmake-2.8/Modules/CMakeCCompilerABI.c]
  ignore line: [Linking C executable cmTryCompileExec1322745143]
  ignore line: [/usr/bin/cmake -E cmake_link_script CMakeFiles/cmTryCompileExec1322745143.dir/link.txt --verbose=1]
  ignore line: [/usr/bin/cc     -v CMakeFiles/cmTryCompileExec1322745143.dir/CMakeCCompilerABI.c.o  -o cmTryCompileExec1322745143 -rdynamic  ]
  ignore line: [Using built-in specs.]
  ignore line: [COLLECT_GCC=/usr/bin/cc]
  ignore line: [COLLECT_LTO_WRAPPER=/usr/lib/gcc/x86_64-linux-gnu/4.8/lto-wrapper]
  ignore line: [Target: x86_64-linux-gnu]
  ignore line: [Configured with: ../src/configure -v --with-pkgversion='Ubuntu 4.8.4-2ubuntu1~14.04.3' --with-bugurl=file:///usr/share/doc/gcc-4.8/README.Bugs --enable-languages=c,c++,java,go,d,fortran,objc,obj-c++ --prefix=/usr --program-suffix=-4.8 --enable-shared --enable-linker-build-id --libexecdir=/usr/lib --without-included-gettext --enable-threads=posix --with-gxx-include-dir=/usr/include/c++/4.8 --libdir=/usr/lib --enable-nls --with-sysroot=/ --enable-clocale=gnu --enable-libstdcxx-debug --enable-libstdcxx-time=yes --enable-gnu-unique-object --disable-libmudflap --enable-plugin --with-system-zlib --disable-browser-plugin --enable-java-awt=gtk --enable-gtk-cairo --with-java-home=/usr/lib/jvm/java-1.5.0-gcj-4.8-amd64/jre --enable-java-home --with-jvm-root-dir=/usr/lib/jvm/java-1.5.0-gcj-4.8-amd64 --with-jvm-jar-dir=/usr/lib/jvm-exports/java-1.5.0-gcj-4.8-amd64 --with-arch-directory=amd64 --with-ecj-jar=/usr/share/java/eclipse-ecj.jar --enable-objc-gc --enable-multiarch --disable-werror --with-arch-32=i686 --with-abi=m64 --with-multilib-list=m32,m64,mx32 --with-tune=generic --enable-checking=release --build=x86_64-linux-gnu --host=x86_64-linux-gnu --target=x86_64-linux-gnu]
  ignore line: [Thread model: posix]
  ignore line: [gcc version 4.8.4 (Ubuntu 4.8.4-2ubuntu1~14.04.3) ]
  ignore line: [COMPILER_PATH=/usr/lib/gcc/x86_64-linux-gnu/4.8/:/usr/lib/gcc/x86_64-linux-gnu/4.8/:/usr/lib/gcc/x86_64-linux-gnu/:/usr/lib/gcc/x86_64-linux-gnu/4.8/:/usr/lib/gcc/x86_64-linux-gnu/]
  ignore line: [LIBRARY_PATH=/usr/lib/gcc/x86_64-linux-gnu/4.8/:/usr/lib/gcc/x86_64-linux-gnu/4.8/../../../x86_64-linux-gnu/:/usr/lib/gcc/x86_64-linux-gnu/4.8/../../../../lib/:/lib/x86_64-linux-gnu/:/lib/../lib/:/usr/lib/x86_64-linux-gnu/:/usr/lib/../lib/:/usr/lib/gcc/x86_64-linux-gnu/4.8/../../../:/lib/:/usr/lib/]
  ignore line: [COLLECT_GCC_OPTIONS='-v' '-o' 'cmTryCompileExec1322745143' '-rdynamic' '-mtune=generic' '-march=x86-64']
  link line: [ /usr/lib/gcc/x86_64-linux-gnu/4.8/collect2 --sysroot=/ --build-id --eh-frame-hdr -m elf_x86_64 --hash-style=gnu --as-needed -export-dynamic -dynamic-linker /lib64/ld-linux-x86-64.so.2 -z relro -o cmTryCompileExec1322745143 /usr/lib/gcc/x86_64-linux-gnu/4.8/../../../x86_64-linux-gnu/crt1.o /usr/lib/gcc/x86_64-linux-gnu/4.8/../../../x86_64-linux-gnu/crti.o /usr/lib/gcc/x86_64-linux-gnu/4.8/crtbegin.o -L/usr/lib/gcc/x86_64-linux-gnu/4.8 -L/usr/lib/gcc/x86_64-linux-gnu/4.8/../../../x86_64-linux-gnu -L/usr/lib/gcc/x86_64-linux-gnu/4.8/../../../../lib -L/lib/x86_64-linux-gnu -L/lib/../lib -L/usr/lib/x86_64-linux-gnu -L/usr/lib/../lib -L/usr/lib/gcc/x86_64-linux-gnu/4.8/../../.. CMakeFiles/cmTryCompileExec1322745143.dir/CMakeCCompilerABI.c.o -lgcc --as-needed -lgcc_s --no-as-needed -lc -lgcc --as-needed -lgcc_s --no-as-needed /usr/lib/gcc/x86_64-linux-gnu/4.8/crtend.o /usr/lib/gcc/x86_64-linux-gnu/4.8/../../../x86_64-linux-gnu/crtn.o]
    arg [/usr/lib/gcc/x86_64-linux-gnu/4.8/collect2] ==> ignore
    arg [--sysroot=/] ==> ignore
    arg [--build-id] ==> ignore
    arg [--eh-frame-hdr] ==> ignore
    arg [-m] ==> ignore
    arg [elf_x86_64] ==> ignore
    arg [--hash-style=gnu] ==> ignore
    arg [--as-needed] ==> ignore
    arg [-export-dynamic] ==> ignore
    arg [-dynamic-linker] ==> ignore
    arg [/lib64/ld-linux-x86-64.so.2] ==> ignore
    arg [-zrelro] ==> ignore
    arg [-o] ==> ignore
    arg [cmTryCompileExec1322745143] ==> ignore
    arg [/usr/lib/gcc/x86_64-linux-gnu/4.8/../../../x86_64-linux-gnu/crt1.o] ==> ignore
    arg [/usr/lib/gcc/x86_64-linux-gnu/4.8/../../../x86_64-linux-gnu/crti.o] ==> ignore
    arg [/usr/lib/gcc/x86_64-linux-gnu/4.8/crtbegin.o] ==> ignore
    arg [-L/usr/lib/gcc/x86_64-linux-gnu/4.8] ==> dir [/usr/lib/gcc/x86_64-linux-gnu/4.8]
    arg [-L/usr/lib/gcc/x86_64-linux-gnu/4.8/../../../x86_64-linux-gnu] ==> dir [/usr/lib/gcc/x86_64-linux-gnu/4.8/../../../x86_64-linux-gnu]
    arg [-L/usr/lib/gcc/x86_64-linux-gnu/4.8/../../../../lib] ==> dir [/usr/lib/gcc/x86_64-linux-gnu/4.8/../../../../lib]
    arg [-L/lib/x86_64-linux-gnu] ==> dir [/lib/x86_64-linux-gnu]
    arg [-L/lib/../lib] ==> dir [/lib/../lib]
    arg [-L/usr/lib/x86_64-linux-gnu] ==> dir [/usr/lib/x86_64-linux-gnu]
    arg [-L/usr/lib/../lib] ==> dir [/usr/lib/../lib]
    arg [-L/usr/lib/gcc/x86_64-linux-gnu/4.8/../../..] ==> dir [/usr/lib/gcc/x86_64-linux-gnu/4.8/../../..]
    arg [CMakeFiles/cmTryCompileExec1322745143.dir/CMakeCCompilerABI.c.o] ==> ignore
    arg [-lgcc] ==> lib [gcc]
    arg [--as-needed] ==> ignore
    arg [-lgcc_s] ==> lib [gcc_s]
    arg [--no-as-needed] ==> ignore
    arg [-lc] ==> lib [c]
    arg [-lgcc] ==> lib [gcc]
    arg [--as-needed] ==> ignore
    arg [-lgcc_s] ==> lib [gcc_s]
    arg [--no-as-needed] ==> ignore
    arg [/usr/lib/gcc/x86_64-linux-gnu/4.8/crtend.o] ==> ignore
    arg [/usr/lib/gcc/x86_64-linux-gnu/4.8/../../../x86_64-linux-gnu/crtn.o] ==> ignore
  remove lib [gcc]
  remove lib [gcc_s]
  remove lib [gcc]
  remove lib [gcc_s]
  collapse library dir [/usr/lib/gcc/x86_64-linux-gnu/4.8] ==> [/usr/lib/gcc/x86_64-linux-gnu/4.8]
  collapse library dir [/usr/lib/gcc/x86_64-linux-gnu/4.8/../../../x86_64-linux-gnu] ==> [/usr/lib/x86_64-linux-gnu]
  collapse library dir [/usr/lib/gcc/x86_64-linux-gnu/4.8/../../../../lib] ==> [/usr/lib]
  collapse library dir [/lib/x86_64-linux-gnu] ==> [/lib/x86_64-linux-gnu]
  collapse library dir [/lib/../lib] ==> [/lib]
  collapse library dir [/usr/lib/x86_64-linux-gnu] ==> [/usr/lib/x86_64-linux-gnu]
  collapse library dir [/usr/lib/../lib] ==> [/usr/lib]
  collapse library dir [/usr/lib/gcc/x86_64-linux-gnu/4.8/../../..] ==> [/usr/lib]
  implicit libs: [c]
  implicit dirs: [/usr/lib/gcc/x86_64-linux-gnu/4.8;/usr/lib/x86_64-linux-gnu;/usr/lib;/lib/x86_64-linux-gnu;/lib]
  implicit fwks: []


